[debug] [2025-09-01T19:36:19.621Z] ----------------------------------------------------------------------
[debug] [2025-09-01T19:36:19.623Z] Command:       C:\Program Files\nodejs\node.exe C:\Users\sinab\AppData\Roaming\npm\node_modules\firebase-tools\lib\bin\firebase.js init hosting
[debug] [2025-09-01T19:36:19.624Z] CLI Version:   14.14.0
[debug] [2025-09-01T19:36:19.624Z] Platform:      win32
[debug] [2025-09-01T19:36:19.624Z] Node Version:  v22.17.0
[debug] [2025-09-01T19:36:19.624Z] Time:          Tue Sep 02 2025 01:06:19 GMT+0530 (India Standard Time)
[debug] [2025-09-01T19:36:19.624Z] ----------------------------------------------------------------------
[debug] 
[debug] [2025-09-01T19:36:19.626Z] >>> [apiv2][query] GET https://firebase-public.firebaseio.com/cli.json [none]
[debug] [2025-09-01T19:36:19.665Z] > command requires scopes: ["email","openid","https://www.googleapis.com/auth/cloudplatformprojects.readonly","https://www.googleapis.com/auth/firebase","https://www.googleapis.com/auth/cloud-platform"]
[debug] [2025-09-01T19:36:19.665Z] > authorizing via signed-in user (sinabhinav19@gmail.com)
[info] 
     ######## #### ########  ######## ########     ###     ######  ########
     ##        ##  ##     ## ##       ##     ##  ##   ##  ##       ##
     ######    ##  ########  ######   ########  #########  ######  ######
     ##        ##  ##    ##  ##       ##     ## ##     ##       ## ##
     ##       #### ##     ## ######## ########  ##     ##  ######  ########

You're about to initialize a Firebase project in this directory:

  C:\Users\sinab\Downloads\PROJECTS\TrashMap

[debug] [2025-09-01T19:36:20.574Z] <<< [apiv2][status] GET https://firebase-public.firebaseio.com/cli.json 200
[debug] [2025-09-01T19:36:20.574Z] <<< [apiv2][body] GET https://firebase-public.firebaseio.com/cli.json {"cloudBuildErrorAfter":1594252800000,"cloudBuildWarnAfter":1590019200000,"defaultNode10After":1594252800000,"minVersion":"3.0.5","node8DeploysDisabledAfter":1613390400000,"node8RuntimeDisabledAfter":1615809600000,"node8WarnAfter":1600128000000}
[info] 
=== Project Setup
[info] 
[info] First, let's associate this project directory with a Firebase project.
[info] You can create multiple project aliases by running firebase use --add, 
[info] but for now we'll just set up a default project.
[info] 
[debug] [2025-09-01T19:36:51.647Z] Checked if tokens are valid: false, expires at: 1756560364539
[debug] [2025-09-01T19:36:51.647Z] Checked if tokens are valid: false, expires at: 1756560364539
[debug] [2025-09-01T19:36:51.648Z] > refreshing access token with scopes: []
[debug] [2025-09-01T19:36:51.650Z] >>> [apiv2][query] POST https://www.googleapis.com/oauth2/v3/token [none]
[debug] [2025-09-01T19:36:51.650Z] >>> [apiv2][body] POST https://www.googleapis.com/oauth2/v3/token [omitted]
[debug] [2025-09-01T19:36:51.935Z] <<< [apiv2][status] POST https://www.googleapis.com/oauth2/v3/token 200
[debug] [2025-09-01T19:36:51.935Z] <<< [apiv2][body] POST https://www.googleapis.com/oauth2/v3/token [omitted]
[debug] [2025-09-01T19:36:51.943Z] >>> [apiv2][query] GET https://firebase.googleapis.com/v1beta1/projects pageSize=100
[debug] [2025-09-01T19:36:53.053Z] <<< [apiv2][status] GET https://firebase.googleapis.com/v1beta1/projects 200
[debug] [2025-09-01T19:36:53.053Z] <<< [apiv2][body] GET https://firebase.googleapis.com/v1beta1/projects [omitted]
[info] i  Using project trash-map-2025 (Trash-Map) 
[info] 
=== Hosting Setup
[debug] [2025-09-01T19:36:55.732Z] Checked if tokens are valid: true, expires at: 1756759010935
[debug] [2025-09-01T19:36:55.732Z] Checked if tokens are valid: true, expires at: 1756759010935
[debug] [2025-09-01T19:36:55.732Z] >>> [apiv2][query] GET https://firebase.googleapis.com/v1beta1/projects/trash-map-2025 [none]
[debug] [2025-09-01T19:36:56.155Z] <<< [apiv2][status] GET https://firebase.googleapis.com/v1beta1/projects/trash-map-2025 200
[debug] [2025-09-01T19:36:56.155Z] <<< [apiv2][body] GET https://firebase.googleapis.com/v1beta1/projects/trash-map-2025 {"projectId":"trash-map-2025","projectNumber":"748873818848","displayName":"Trash-Map","name":"projects/trash-map-2025","resources":{"hostingSite":"trash-map-2025"},"state":"ACTIVE","etag":"1_3c37369e-f15c-416c-9c27-17a6e18191bc"}
[info] 
[info] Your public directory is the folder (relative to your project directory) that
[info] will contain Hosting assets to be uploaded with firebase deploy. If you
[info] have a build process for your assets, use your build's output directory.
[info] 
[info] +  Wrote Trashmap/404.html 
[debug] [2025-09-01T19:38:18.534Z] >>> [apiv2][query] GET https://www.gstatic.com/firebasejs/releases.json [none]
[debug] [2025-09-01T19:38:18.841Z] <<< [apiv2][status] GET https://www.gstatic.com/firebasejs/releases.json 200
[debug] [2025-09-01T19:38:18.841Z] <<< [apiv2][body] GET https://www.gstatic.com/firebasejs/releases.json {"current":{"version":"12.2.1","browserURL":"https://www.gstatic.com/firebasejs/12.2.1/firebase.js","packageURL":"https://www.gstatic.com/firebasejs/12.2.1/firebase.tgz"},"live":{"version":"12.2","browserURL":"https://www.gstatic.com/firebasejs/live/12.2/firebase.js","packageURL":"https://www.gstatic.com/firebasejs/live/12.2/firebase.tgz"},"components":{"ai":"https://www.gstatic.com/firebasejs/12.2.1/firebase-ai.js","analytics":"https://www.gstatic.com/firebasejs/12.2.1/firebase-analytics.js","app":"https://www.gstatic.com/firebasejs/12.2.1/firebase-app.js","app-check":"https://www.gstatic.com/firebasejs/12.2.1/firebase-app-check.js","auth":"https://www.gstatic.com/firebasejs/12.2.1/firebase-auth.js","auth/cordova":"https://www.gstatic.com/firebasejs/12.2.1/firebase-auth/cordova.js","auth/web-extension":"https://www.gstatic.com/firebasejs/12.2.1/firebase-auth/web-extension.js","functions":"https://www.gstatic.com/firebasejs/12.2.1/firebase-functions.js","firestore":"https://www.gstatic.com/firebasejs/12.2.1/firebase-firestore.js","firestore/lite":"https://www.gstatic.com/firebasejs/12.2.1/firebase-firestore/lite.js","installations":"https://www.gstatic.com/firebasejs/12.2.1/firebase-installations.js","storage":"https://www.gstatic.com/firebasejs/12.2.1/firebase-storage.js","performance":"https://www.gstatic.com/firebasejs/12.2.1/firebase-performance.js","remote-config":"https://www.gstatic.com/firebasejs/12.2.1/firebase-remote-config.js","messaging":"https://www.gstatic.com/firebasejs/12.2.1/firebase-messaging.js","messaging/sw":"https://www.gstatic.com/firebasejs/12.2.1/firebase-messaging/sw.js","database":"https://www.gstatic.com/firebasejs/12.2.1/firebase-database.js","data-connect":"https://www.gstatic.com/firebasejs/12.2.1/firebase-data-connect.js","firestore.memory":"https://www.gstatic.com/firebasejs/12.2.1/firebase-firestore.memory.js"}}
[info] i  Skipping write of Trashmap/index.html 
[info] 
[info] +  Wrote configuration info to firebase.json 
[info] +  Wrote project information to .firebaserc 
[info] +  Wrote .gitignore 
[info] 
[info] +  Firebase initialization complete! 
